
Compiling your contracts...
===========================
> Compiling @openzeppelin\contracts\access\Ownable.sol
> Compiling @openzeppelin\contracts\finance\VestingWallet.sol
> Compiling @openzeppelin\contracts\interfaces\IERC1363.sol
> Compiling @openzeppelin\contracts\interfaces\IERC165.sol
> Compiling @openzeppelin\contracts\interfaces\IERC20.sol
> Compiling @openzeppelin\contracts\interfaces\draft-IERC6093.sol
> Compiling @openzeppelin\contracts\token\ERC20\ERC20.sol
> Compiling @openzeppelin\contracts\token\ERC20\IERC20.sol
> Compiling @openzeppelin\contracts\token\ERC20\extensions\ERC20Burnable.sol
> Compiling @openzeppelin\contracts\token\ERC20\extensions\IERC20Metadata.sol
> Compiling @openzeppelin\contracts\token\ERC20\utils\SafeERC20.sol
> Compiling @openzeppelin\contracts\utils\Address.sol
> Compiling @openzeppelin\contracts\utils\Context.sol
> Compiling @openzeppelin\contracts\utils\Errors.sol
> Compiling @openzeppelin\contracts\utils\ReentrancyGuard.sol
> Compiling @openzeppelin\contracts\utils\introspection\IERC165.sol
> Compiling .\contracts\Airdrop.sol
> Compiling .\contracts\Reverse.sol
> Compiling .\contracts\ReverseInnerSeller.sol
> Compiling .\contracts\Vesting.sol
> Compiling .\contracts\mocks\MockERC20.sol
> Compilation warnings encountered:

    Warning: This declaration shadows an existing declaration.
  --> project:/contracts/mocks/MockERC20.sol:19:59:
   |
19 |     constructor(string memory name, string memory symbol, uint8 decimals) ERC20(name, symbol) {
   |                                                           ^^^^^^^^^^^^^^
Note: The shadowed declaration is here:
  --> project:/contracts/mocks/MockERC20.sol:35:5:
   |
35 |     function decimals() public view virtual override returns (uint8) {
   |     ^ (Relevant source part starts here and spans across multiple lines).


> Artifacts written to D:\project\reverse_eth\build\contracts
> Compiled successfully using:
   - solc: 0.8.20+commit.a1b79de6.Emscripten.clang
   > {
   >   "jsonrpc": "2.0",
   >   "id": 1,
   >   "method": "eth_blockNumber",
   >   "params": []
   > }
UnhandledRejections detected
Promise {
  <rejected> Error: Too Many Requests
      at WebsocketSubprovider._handleSocketMessage (D:\project\reverse_eth\node_modules\@truffle\hdwallet-provider\node_modules\web3-provider-engine\subproviders\websocket.js:121:18)
      at WebSocket.onMessage (D:\project\reverse_eth\node_modules\@truffle\hdwallet-provider\node_modules\ws\lib\event-target.js:120:16)
      at WebSocket.emit (node:events:513:28)
      at Receiver.receiverOnMessage (D:\project\reverse_eth\node_modules\@truffle\hdwallet-provider\node_modules\ws\lib\websocket.js:720:20)
      at Receiver.emit (node:events:513:28)
      at Receiver.dataMessage (D:\project\reverse_eth\node_modules\@truffle\hdwallet-provider\node_modules\ws\lib\receiver.js:414:14)
      at Receiver.getData (D:\project\reverse_eth\node_modules\@truffle\hdwallet-provider\node_modules\ws\lib\receiver.js:346:17)
      at Receiver.startLoop (D:\project\reverse_eth\node_modules\@truffle\hdwallet-provider\node_modules\ws\lib\receiver.js:133:22)
      at Receiver._write (D:\project\reverse_eth\node_modules\@truffle\hdwallet-provider\node_modules\ws\lib\receiver.js:69:10)
      at writeOrBuffer (node:internal/streams/writable:392:12)
      at _write (node:internal/streams/writable:333:10)
      at Receiver.Writable.write (node:internal/streams/writable:337:10)
      at TLSSocket.socketOnData (D:\project\reverse_eth\node_modules\@truffle\hdwallet-provider\node_modules\ws\lib\websocket.js:795:35)
      at TLSSocket.emit (node:events:513:28)
      at addChunk (node:internal/streams/readable:324:12)
      at readableAddChunk (node:internal/streams/readable:297:9)
      at TLSSocket.Readable.push (node:internal/streams/readable:234:10)
      at TLSWrap.onStreamRead (node:internal/stream_base_commons:190:23)
} Error: Too Many Requests
    at WebsocketSubprovider._handleSocketMessage (D:\project\reverse_eth\node_modules\@truffle\hdwallet-provider\node_modules\web3-provider-engine\subproviders\websocket.js:121:18)
    at WebSocket.onMessage (D:\project\reverse_eth\node_modules\@truffle\hdwallet-provider\node_modules\ws\lib\event-target.js:120:16)
    at WebSocket.emit (node:events:513:28)
    at Receiver.receiverOnMessage (D:\project\reverse_eth\node_modules\@truffle\hdwallet-provider\node_modules\ws\lib\websocket.js:720:20)
    at Receiver.emit (node:events:513:28)
    at Receiver.dataMessage (D:\project\reverse_eth\node_modules\@truffle\hdwallet-provider\node_modules\ws\lib\receiver.js:414:14)
    at Receiver.getData (D:\project\reverse_eth\node_modules\@truffle\hdwallet-provider\node_modules\ws\lib\receiver.js:346:17)
    at Receiver.startLoop (D:\project\reverse_eth\node_modules\@truffle\hdwallet-provider\node_modules\ws\lib\receiver.js:133:22)
    at Receiver._write (D:\project\reverse_eth\node_modules\@truffle\hdwallet-provider\node_modules\ws\lib\receiver.js:69:10)
    at writeOrBuffer (node:internal/streams/writable:392:12)
    at _write (node:internal/streams/writable:333:10)
    at Receiver.Writable.write (node:internal/streams/writable:337:10)
    at TLSSocket.socketOnData (D:\project\reverse_eth\node_modules\@truffle\hdwallet-provider\node_modules\ws\lib\websocket.js:795:35)
    at TLSSocket.emit (node:events:513:28)
    at addChunk (node:internal/streams/readable:324:12)
    at readableAddChunk (node:internal/streams/readable:297:9)
    at TLSSocket.Readable.push (node:internal/streams/readable:234:10)
    at TLSWrap.onStreamRead (node:internal/stream_base_commons:190:23)
Promise {
  <rejected> Error: Too Many Requests
      at WebsocketSubprovider._handleSocketMessage (D:\project\reverse_eth\node_modules\@truffle\hdwallet-provider\node_modules\web3-provider-engine\subproviders\websocket.js:121:18)
      at WebSocket.onMessage (D:\project\reverse_eth\node_modules\@truffle\hdwallet-provider\node_modules\ws\lib\event-target.js:120:16)
      at WebSocket.emit (node:events:513:28)
      at Receiver.receiverOnMessage (D:\project\reverse_eth\node_modules\@truffle\hdwallet-provider\node_modules\ws\lib\websocket.js:720:20)
      at Receiver.emit (node:events:513:28)
      at Receiver.dataMessage (D:\project\reverse_eth\node_modules\@truffle\hdwallet-provider\node_modules\ws\lib\receiver.js:414:14)
      at Receiver.getData (D:\project\reverse_eth\node_modules\@truffle\hdwallet-provider\node_modules\ws\lib\receiver.js:346:17)
      at Receiver.startLoop (D:\project\reverse_eth\node_modules\@truffle\hdwallet-provider\node_modules\ws\lib\receiver.js:133:22)
      at Receiver._write (D:\project\reverse_eth\node_modules\@truffle\hdwallet-provider\node_modules\ws\lib\receiver.js:69:10)
      at writeOrBuffer (node:internal/streams/writable:392:12)
      at _write (node:internal/streams/writable:333:10)
      at Receiver.Writable.write (node:internal/streams/writable:337:10)
      at TLSSocket.socketOnData (D:\project\reverse_eth\node_modules\@truffle\hdwallet-provider\node_modules\ws\lib\websocket.js:795:35)
      at TLSSocket.emit (node:events:513:28)
      at addChunk (node:internal/streams/readable:324:12)
      at readableAddChunk (node:internal/streams/readable:297:9)
      at TLSSocket.Readable.push (node:internal/streams/readable:234:10)
      at TLSWrap.onStreamRead (node:internal/stream_base_commons:190:23)
} Error: Too Many Requests
    at WebsocketSubprovider._handleSocketMessage (D:\project\reverse_eth\node_modules\@truffle\hdwallet-provider\node_modules\web3-provider-engine\subproviders\websocket.js:121:18)
    at WebSocket.onMessage (D:\project\reverse_eth\node_modules\@truffle\hdwallet-provider\node_modules\ws\lib\event-target.js:120:16)
    at WebSocket.emit (node:events:513:28)
    at Receiver.receiverOnMessage (D:\project\reverse_eth\node_modules\@truffle\hdwallet-provider\node_modules\ws\lib\websocket.js:720:20)
    at Receiver.emit (node:events:513:28)
    at Receiver.dataMessage (D:\project\reverse_eth\node_modules\@truffle\hdwallet-provider\node_modules\ws\lib\receiver.js:414:14)
    at Receiver.getData (D:\project\reverse_eth\node_modules\@truffle\hdwallet-provider\node_modules\ws\lib\receiver.js:346:17)
    at Receiver.startLoop (D:\project\reverse_eth\node_modules\@truffle\hdwallet-provider\node_modules\ws\lib\receiver.js:133:22)
    at Receiver._write (D:\project\reverse_eth\node_modules\@truffle\hdwallet-provider\node_modules\ws\lib\receiver.js:69:10)
    at writeOrBuffer (node:internal/streams/writable:392:12)
    at _write (node:internal/streams/writable:333:10)
    at Receiver.Writable.write (node:internal/streams/writable:337:10)
    at TLSSocket.socketOnData (D:\project\reverse_eth\node_modules\@truffle\hdwallet-provider\node_modules\ws\lib\websocket.js:795:35)
    at TLSSocket.emit (node:events:513:28)
    at addChunk (node:internal/streams/readable:324:12)
    at readableAddChunk (node:internal/streams/readable:297:9)
    at TLSSocket.Readable.push (node:internal/streams/readable:234:10)
    at TLSWrap.onStreamRead (node:internal/stream_base_commons:190:23)
